2025-01-19 20:17:15,156 - INFO - Processing tables in order: ['tbl_account_tier', 'tbl_department', 'tbl_sex', 'tbl_branch']
2025-01-19 20:17:15,158 - INFO - Starting to process table tbl_account_tier
2025-01-19 20:17:15,159 - INFO - Starting to process table tbl_department
2025-01-19 20:17:15,161 - INFO - Starting to process table tbl_sex
2025-01-19 20:17:15,165 - INFO - Starting to process table tbl_branch
2025-01-19 20:17:15,636 - DEBUG - Fetching last sync info for tbl_account_tier
2025-01-19 20:17:15,641 - INFO - No previous sync info found for tbl_account_tier, using default start date
2025-01-19 20:17:15,784 - INFO - Completed processing table tbl_account_tier. Total rows: 3, New rows: 3, Updated rows: 0, Deleted rows: 0, Errors: 0
2025-01-19 20:17:16,059 - INFO - Successfully completed processing table: tbl_account_tier
2025-01-19 20:17:16,474 - DEBUG - Fetching last sync info for tbl_department
2025-01-19 20:17:16,478 - INFO - No previous sync info found for tbl_department, using default start date
2025-01-19 20:17:16,678 - DEBUG - Fetching last sync info for tbl_branch
2025-01-19 20:17:16,682 - INFO - No previous sync info found for tbl_branch, using default start date
2025-01-19 20:17:16,697 - INFO - Completed processing table tbl_department. Total rows: 13, New rows: 13, Updated rows: 0, Deleted rows: 0, Errors: 0
2025-01-19 20:17:16,751 - DEBUG - Fetching last sync info for tbl_sex
2025-01-19 20:17:16,757 - INFO - No previous sync info found for tbl_sex, using default start date
2025-01-19 20:17:16,840 - INFO - Completed processing table tbl_branch. Total rows: 5, New rows: 5, Updated rows: 0, Deleted rows: 0, Errors: 0
2025-01-19 20:17:16,919 - INFO - Completed processing table tbl_sex. Total rows: 4, New rows: 4, Updated rows: 0, Deleted rows: 0, Errors: 0
2025-01-19 20:17:16,976 - INFO - Successfully completed processing table: tbl_department
2025-01-19 20:17:17,151 - INFO - Successfully completed processing table: tbl_branch
2025-01-19 20:17:17,189 - INFO - Successfully completed processing table: tbl_sex
2025-01-19 20:17:17,191 - INFO - ETL process completed successfully in 2.03 seconds. Processed 4 tables.
2025-01-19 20:17:17,192 - INFO - ETL cycle completed successfully
