\Mon Jun  9 06:44:23 PM WAT 2025: Starting Transaction ETL job
Mon Jun  9 11:30:01 PM WAT 2025: Starting Get Customer job
Mon Jun  9 11:47:27 PM WAT 2025: Get Customer Job completed
Tue Jun 10 02:10:01 AM WAT 2025: Starting Account ETL job
Tue Jun 10 02:54:29 AM WAT 2025: Account ETL Job completed
Tue Jun 10 04:50:01 AM WAT 2025: Starting Transaction ETL job
Tue Jun 10 09:33:31 AM WAT 2025: Transaction ETL Job completed
Terminated
Tue Jun 10 11:30:01 PM WAT 2025: Starting Get Customer job
Tue Jun 10 11:39:21 PM WAT 2025: Get Customer Job completed
Wed Jun 11 02:10:01 AM WAT 2025: Starting Account ETL job
Wed Jun 11 02:39:00 AM WAT 2025: Account ETL Job completed
Wed Jun 11 04:50:01 AM WAT 2025: Starting Transaction ETL job
Wed Jun 11 05:20:51 AM WAT 2025: Transaction ETL Job completed
Wed Jun 11 11:30:01 PM WAT 2025: Starting Get Customer job
Wed Jun 11 11:39:45 PM WAT 2025: Get Customer Job completed
Thu Jun 12 02:10:01 AM WAT 2025: Starting Account ETL job
Thu Jun 12 02:35:55 AM WAT 2025: Account ETL Job completed
Thu Jun 12 04:50:01 AM WAT 2025: Starting Transaction ETL job
Thu Jun 12 05:13:27 AM WAT 2025: Transaction ETL Job completed
Thu Jun 12 11:30:01 PM WAT 2025: Starting Get Customer job
Thu Jun 12 11:39:28 PM WAT 2025: Get Customer Job completed
Fri Jun 13 02:10:01 AM WAT 2025: Starting Account ETL job
Fri Jun 13 02:35:55 AM WAT 2025: Account ETL Job completed
Fri Jun 13 04:50:01 AM WAT 2025: Starting Transaction ETL job
Fri Jun 13 05:12:11 AM WAT 2025: Transaction ETL Job completed
Fri Jun 13 11:30:01 PM WAT 2025: Starting Get Customer job
Fri Jun 13 11:39:25 PM WAT 2025: Get Customer Job completed
Sat Jun 14 02:10:01 AM WAT 2025: Starting Account ETL job
Sat Jun 14 02:43:22 AM WAT 2025: Account ETL Job completed
Sat Jun 14 04:50:01 AM WAT 2025: Starting Transaction ETL job
Sat Jun 14 05:13:13 AM WAT 2025: Transaction ETL Job completed
Sat Jun 14 11:30:01 PM WAT 2025: Starting Get Customer job
Sat Jun 14 11:39:22 PM WAT 2025: Get Customer Job completed
Sun Jun 15 02:10:01 AM WAT 2025: Starting Account ETL job
Sun Jun 15 02:35:58 AM WAT 2025: Account ETL Job completed
Sun Jun 15 04:50:01 AM WAT 2025: Starting Transaction ETL job
Sun Jun 15 05:11:41 AM WAT 2025: Transaction ETL Job completed
Sun Jun 15 11:30:01 PM WAT 2025: Starting Get Customer job
Sun Jun 15 11:39:21 PM WAT 2025: Get Customer Job completed
Mon Jun 16 02:10:01 AM WAT 2025: Starting Account ETL job
Mon Jun 16 02:35:57 AM WAT 2025: Account ETL Job completed
Mon Jun 16 04:50:01 AM WAT 2025: Starting Transaction ETL job
Mon Jun 16 05:11:58 AM WAT 2025: Transaction ETL Job completed
Mon Jun 16 11:30:02 PM WAT 2025: Starting Get Customer job
Mon Jun 16 11:39:26 PM WAT 2025: Get Customer Job completed
Tue Jun 17 02:10:01 AM WAT 2025: Starting Account ETL job
Tue Jun 17 02:37:08 AM WAT 2025: Account ETL Job completed
Tue Jun 17 04:50:01 AM WAT 2025: Starting Transaction ETL job
Tue Jun 17 05:12:17 AM WAT 2025: Transaction ETL Job completed
Tue Jun 17 11:30:01 PM WAT 2025: Starting Get Customer job
Tue Jun 17 11:39:34 PM WAT 2025: Get Customer Job completed
Wed Jun 18 02:10:01 AM WAT 2025: Starting Account ETL job
Wed Jun 18 02:42:06 AM WAT 2025: Account ETL Job completed
Wed Jun 18 04:50:01 AM WAT 2025: Starting Transaction ETL job
Wed Jun 18 05:16:19 AM WAT 2025: Transaction ETL Job completed
Wed Jun 18 11:30:01 PM WAT 2025: Starting Get Customer job
Wed Jun 18 11:39:25 PM WAT 2025: Get Customer Job completed
Thu Jun 19 02:10:01 AM WAT 2025: Starting Account ETL job
Thu Jun 19 02:37:29 AM WAT 2025: Account ETL Job completed
Thu Jun 19 04:50:01 AM WAT 2025: Starting Transaction ETL job
Thu Jun 19 05:11:12 AM WAT 2025: Transaction ETL Job completedThu Jun 19 11:30:01 PM WAT 2025: Starting Get Customer job
Thu Jun 19 11:40:57 PM WAT 2025: Get Customer Job completed
Fri Jun 20 02:10:02 AM WAT 2025: Starting Account ETL job
Fri Jun 20 02:37:31 AM WAT 2025: Account ETL Job completed
Fri Jun 20 04:50:01 AM WAT 2025: Starting Transaction ETL job
Fri Jun 20 05:14:25 AM WAT 2025: Transaction ETL Job completed
python: can't open file '/data/odoo/ETL_script/update_script/compute_risk_scoreh.py': [Errno 2] No such file or directory
Fri Jun 20 11:30:01 PM WAT 2025: Starting Get Customer job
Fri Jun 20 11:39:28 PM WAT 2025: Get Customer Job completed
Sat Jun 21 02:10:01 AM WAT 2025: Starting Account ETL job
Sat Jun 21 02:36:31 AM WAT 2025: Account ETL Job completed
Sat Jun 21 04:50:01 AM WAT 2025: Starting Transaction ETL job
Sat Jun 21 05:14:04 AM WAT 2025: Transaction ETL Job completed
python: can't open file '/data/odoo/ETL_script/update_script/compute_risk_scoreh.py': [Errno 2] No such file or directory
Sat Jun 21 11:30:01 PM WAT 2025: Starting Get Customer job
Sat Jun 21 11:39:37 PM WAT 2025: Get Customer Job completed
Sun Jun 22 02:10:01 AM WAT 2025: Starting Account ETL job
Sun Jun 22 02:41:34 AM WAT 2025: Account ETL Job completed
Sun Jun 22 04:50:01 AM WAT 2025: Starting Transaction ETL job
Sun Jun 22 05:10:55 AM WAT 2025: Transaction ETL Job completed
python: can't open file '/data/odoo/ETL_script/update_script/compute_risk_scoreh.py': [Errno 2] No such file or directory
Sun Jun 22 11:30:01 PM WAT 2025: Starting Get Customer job
Sun Jun 22 11:39:07 PM WAT 2025: Get Customer Job completed
Mon Jun 23 02:10:01 AM WAT 2025: Starting Account ETL job
Mon Jun 23 02:47:33 AM WAT 2025: Account ETL Job completed
Mon Jun 23 04:50:01 AM WAT 2025: Starting Transaction ETL job
Mon Jun 23 05:11:13 AM WAT 2025: Transaction ETL Job completed
python: can't open file '/data/odoo/ETL_script/update_script/compute_risk_scoreh.py': [Errno 2] No such file or directory
Mon Jun 23 11:30:01 PM WAT 2025: Starting Get Customer job
Mon Jun 23 11:39:26 PM WAT 2025: Get Customer Job completed
Tue Jun 24 02:10:01 AM WAT 2025: Starting Account ETL job
Tue Jun 24 02:36:55 AM WAT 2025: Account ETL Job completed
Tue Jun 24 04:50:02 AM WAT 2025: Starting Transaction ETL job
Tue Jun 24 05:10:42 AM WAT 2025: Transaction ETL Job completed
python: can't open file '/data/odoo/ETL_script/update_script/compute_risk_scoreh.py': [Errno 2] No such file or directory
Tue Jun 24 11:30:01 PM WAT 2025: Starting Get Customer job
Tue Jun 24 11:39:17 PM WAT 2025: Get Customer Job completed
Wed Jun 25 02:10:01 AM WAT 2025: Starting Account ETL job
Wed Jun 25 02:51:44 AM WAT 2025: Account ETL Job completed
Wed Jun 25 04:50:01 AM WAT 2025: Starting Transaction ETL job
Wed Jun 25 05:12:42 AM WAT 2025: Transaction ETL Job completed
python: can't open file '/data/odoo/ETL_script/update_script/compute_risk_scoreh.py': [Errno 2] No such file or directory
Wed Jun 25 11:30:02 PM WAT 2025: Starting Get Customer job
Wed Jun 25 11:39:55 PM WAT 2025: Get Customer Job completed
Thu Jun 26 02:10:01 AM WAT 2025: Starting Account ETL job
Thu Jun 26 02:40:07 AM WAT 2025: Account ETL Job completed
Thu Jun 26 04:50:01 AM WAT 2025: Starting Transaction ETL job
Thu Jun 26 05:11:33 AM WAT 2025: Transaction ETL Job completed
python: can't open file '/data/odoo/ETL_script/update_script/compute_risk_scoreh.py': [Errno 2] No such file or directory
Thu Jun 26 11:45:01 AM WAT 2025: Starting Transaction ETL job
Thu Jun 26 12:17:54 PM WAT 2025: Transaction ETL Job completed
Thu Jun 26 11:30:01 PM WAT 2025: Starting Get Customer job
Thu Jun 26 11:39:24 PM WAT 2025: Get Customer Job completed
Fri Jun 27 02:10:01 AM WAT 2025: Starting Account ETL job
Fri Jun 27 02:37:06 AM WAT 2025: Account ETL Job completed
python: can't open file '/data/odoo/ETL_script/update_script/compute_risk_scoreh.py': [Errno 2] No such file or directory
Fri Jun 27 11:45:01 AM WAT 2025: Starting Transaction ETL job
Fri Jun 27 12:06:22 PM WAT 2025: Transaction ETL Job completed
